<?xml version="1.0" encoding="UTF-8"?>
<testng-results ignored="0" total="2" passed="2" failed="0" skipped="0">
  <reporter-output>
  </reporter-output>
  <suite started-at="2022-01-24T11:11:16 EST" name="Default Suite" finished-at="2022-01-24T11:11:48 EST" duration-ms="31809">
    <groups>
    </groups>
    <test started-at="2022-01-24T11:11:16 EST" name="SampleMavenProject" finished-at="2022-01-24T11:11:48 EST" duration-ms="31809">
      <class name="TestingSS.SeleniumPractice">
        <test-method is-config="true" signature="BeforMethod()[pri:0, instance:TestingSS.SeleniumPractice@517cd4b]" started-at="2022-01-24T11:11:16 EST" name="BeforMethod" finished-at="2022-01-24T11:11:16 EST" duration-ms="10" status="PASS">
          <reporter-output>
          </reporter-output>
        </test-method> <!-- BeforMethod -->
        <test-method signature="testng1()[pri:0, instance:TestingSS.SeleniumPractice@517cd4b]" started-at="2022-01-24T11:11:16 EST" name="testng1" finished-at="2022-01-24T11:11:29 EST" duration-ms="12704" status="PASS">
          <reporter-output>
          </reporter-output>
        </test-method> <!-- testng1 -->
        <test-method is-config="true" signature="AfterMethod()[pri:0, instance:TestingSS.SeleniumPractice@517cd4b]" started-at="2022-01-24T11:11:29 EST" name="AfterMethod" finished-at="2022-01-24T11:11:29 EST" duration-ms="1" status="PASS">
          <reporter-output>
          </reporter-output>
        </test-method> <!-- AfterMethod -->
        <test-method is-config="true" signature="BeforMethod()[pri:0, instance:TestingSS.SeleniumPractice@517cd4b]" started-at="2022-01-24T11:11:29 EST" name="BeforMethod" finished-at="2022-01-24T11:11:29 EST" duration-ms="1" status="PASS">
          <reporter-output>
          </reporter-output>
        </test-method> <!-- BeforMethod -->
        <test-method signature="testng2()[pri:0, instance:TestingSS.SeleniumPractice@517cd4b]" started-at="2022-01-24T11:11:29 EST" name="testng2" finished-at="2022-01-24T11:11:48 EST" duration-ms="19045" status="PASS">
          <reporter-output>
          </reporter-output>
        </test-method> <!-- testng2 -->
        <test-method is-config="true" signature="AfterMethod()[pri:0, instance:TestingSS.SeleniumPractice@517cd4b]" started-at="2022-01-24T11:11:48 EST" name="AfterMethod" finished-at="2022-01-24T11:11:48 EST" duration-ms="5" status="PASS">
          <reporter-output>
          </reporter-output>
        </test-method> <!-- AfterMethod -->
      </class> <!-- TestingSS.SeleniumPractice -->
    </test> <!-- SampleMavenProject -->
  </suite> <!-- Default Suite -->
</testng-results>
